<?xml version="1.0" encoding="UTF-8"?>
<testng-results ignored="0" total="3" passed="3" failed="0" skipped="0">
  <reporter-output>
  </reporter-output>
  <suite started-at="2024-03-07T12:55:20 IST" name="Suite" finished-at="2024-03-07T12:56:16 IST" duration-ms="55887">
    <groups>
    </groups>
    <test started-at="2024-03-07T12:55:20 IST" name="ChromeTest" finished-at="2024-03-07T12:55:40 IST" duration-ms="19227">
      <class name="qa.tests.Testcase1">
        <test-method is-config="true" signature="beforeTestMethod()[pri:0, instance:qa.tests.Testcase1@1a482e36]" started-at="2024-03-07T12:55:20 IST" name="beforeTestMethod" finished-at="2024-03-07T12:55:21 IST" duration-ms="589" status="PASS">
          <reporter-output>
          </reporter-output>
        </test-method> <!-- beforeTestMethod -->
        <test-method is-config="true" signature="beforeMethod(java.lang.String,java.lang.reflect.Method)[pri:0, instance:qa.tests.Testcase1@1a482e36]" started-at="2024-03-07T12:55:21 IST" name="beforeMethod" finished-at="2024-03-07T12:55:32 IST" duration-ms="11144" status="PASS">
          <params>
            <param index="0">
              <value>
                <![CDATA[chrome]]>
              </value>
            </param>
            <param index="1">
              <value>
                <![CDATA[public void qa.tests.Testcase1.sampleMethodForEnteringCredentials()]]>
              </value>
            </param>
          </params>
          <reporter-output>
          </reporter-output>
        </test-method> <!-- beforeMethod -->
        <test-method signature="sampleMethodForEnteringCredentials()[pri:0, instance:qa.tests.Testcase1@1a482e36]" started-at="2024-03-07T12:55:32 IST" name="sampleMethodForEnteringCredentials" finished-at="2024-03-07T12:55:38 IST" duration-ms="6111" status="PASS">
          <reporter-output>
          </reporter-output>
        </test-method> <!-- sampleMethodForEnteringCredentials -->
        <test-method is-config="true" signature="afterMethod(org.testng.ITestResult)[pri:0, instance:qa.tests.Testcase1@1a482e36]" started-at="2024-03-07T12:55:38 IST" name="afterMethod" finished-at="2024-03-07T12:55:39 IST" duration-ms="605" status="PASS">
          <params>
            <param index="0">
              <value>
                <![CDATA[[TestResult name=sampleMethodForEnteringCredentials status=SUCCESS method=Testcase1.sampleMethodForEnteringCredentials()[pri:0, instance:qa.tests.Testcase1@1a482e36] output={null}]]]>
              </value>
            </param>
          </params>
          <reporter-output>
          </reporter-output>
        </test-method> <!-- afterMethod -->
        <test-method is-config="true" signature="afterTest()[pri:0, instance:qa.tests.Testcase1@1a482e36]" started-at="2024-03-07T12:55:39 IST" name="afterTest" finished-at="2024-03-07T12:55:40 IST" duration-ms="707" status="PASS">
          <reporter-output>
          </reporter-output>
        </test-method> <!-- afterTest -->
      </class> <!-- qa.tests.Testcase1 -->
    </test> <!-- ChromeTest -->
    <test started-at="2024-03-07T12:55:40 IST" name="FirefoxTest" finished-at="2024-03-07T12:55:59 IST" duration-ms="19923">
      <class name="qa.tests.Testcase1">
        <test-method is-config="true" signature="beforeTestMethod()[pri:0, instance:qa.tests.Testcase1@639c2c1d]" started-at="2024-03-07T12:55:40 IST" name="beforeTestMethod" finished-at="2024-03-07T12:55:40 IST" duration-ms="1" status="PASS">
          <reporter-output>
          </reporter-output>
        </test-method> <!-- beforeTestMethod -->
        <test-method is-config="true" signature="beforeMethod(java.lang.String,java.lang.reflect.Method)[pri:0, instance:qa.tests.Testcase1@639c2c1d]" started-at="2024-03-07T12:55:40 IST" name="beforeMethod" finished-at="2024-03-07T12:55:51 IST" duration-ms="11842" status="PASS">
          <params>
            <param index="0">
              <value>
                <![CDATA[firefox]]>
              </value>
            </param>
            <param index="1">
              <value>
                <![CDATA[public void qa.tests.Testcase1.sampleMethodForEnteringCredentials()]]>
              </value>
            </param>
          </params>
          <reporter-output>
          </reporter-output>
        </test-method> <!-- beforeMethod -->
        <test-method signature="sampleMethodForEnteringCredentials()[pri:0, instance:qa.tests.Testcase1@639c2c1d]" started-at="2024-03-07T12:55:51 IST" name="sampleMethodForEnteringCredentials" finished-at="2024-03-07T12:55:57 IST" duration-ms="5953" status="PASS">
          <reporter-output>
          </reporter-output>
        </test-method> <!-- sampleMethodForEnteringCredentials -->
        <test-method is-config="true" signature="afterMethod(org.testng.ITestResult)[pri:0, instance:qa.tests.Testcase1@639c2c1d]" started-at="2024-03-07T12:55:57 IST" name="afterMethod" finished-at="2024-03-07T12:55:59 IST" duration-ms="1939" status="PASS">
          <params>
            <param index="0">
              <value>
                <![CDATA[[TestResult name=sampleMethodForEnteringCredentials status=SUCCESS method=Testcase1.sampleMethodForEnteringCredentials()[pri:0, instance:qa.tests.Testcase1@639c2c1d] output={null}]]]>
              </value>
            </param>
          </params>
          <reporter-output>
          </reporter-output>
        </test-method> <!-- afterMethod -->
        <test-method is-config="true" signature="afterTest()[pri:0, instance:qa.tests.Testcase1@639c2c1d]" started-at="2024-03-07T12:55:59 IST" name="afterTest" finished-at="2024-03-07T12:55:59 IST" duration-ms="178" status="PASS">
          <reporter-output>
          </reporter-output>
        </test-method> <!-- afterTest -->
      </class> <!-- qa.tests.Testcase1 -->
    </test> <!-- FirefoxTest -->
    <test started-at="2024-03-07T12:56:00 IST" name="EdgeTest" finished-at="2024-03-07T12:56:16 IST" duration-ms="16681">
      <class name="qa.tests.Testcase1">
        <test-method is-config="true" signature="beforeTestMethod()[pri:0, instance:qa.tests.Testcase1@618b19ad]" started-at="2024-03-07T12:56:00 IST" name="beforeTestMethod" finished-at="2024-03-07T12:56:00 IST" duration-ms="3" status="PASS">
          <reporter-output>
          </reporter-output>
        </test-method> <!-- beforeTestMethod -->
        <test-method is-config="true" signature="beforeMethod(java.lang.String,java.lang.reflect.Method)[pri:0, instance:qa.tests.Testcase1@618b19ad]" started-at="2024-03-07T12:56:00 IST" name="beforeMethod" finished-at="2024-03-07T12:56:09 IST" duration-ms="9787" status="PASS">
          <params>
            <param index="0">
              <value>
                <![CDATA[edge]]>
              </value>
            </param>
            <param index="1">
              <value>
                <![CDATA[public void qa.tests.Testcase1.sampleMethodForEnteringCredentials()]]>
              </value>
            </param>
          </params>
          <reporter-output>
          </reporter-output>
        </test-method> <!-- beforeMethod -->
        <test-method signature="sampleMethodForEnteringCredentials()[pri:0, instance:qa.tests.Testcase1@618b19ad]" started-at="2024-03-07T12:56:09 IST" name="sampleMethodForEnteringCredentials" finished-at="2024-03-07T12:56:15 IST" duration-ms="6091" status="PASS">
          <reporter-output>
          </reporter-output>
        </test-method> <!-- sampleMethodForEnteringCredentials -->
        <test-method is-config="true" signature="afterMethod(org.testng.ITestResult)[pri:0, instance:qa.tests.Testcase1@618b19ad]" started-at="2024-03-07T12:56:15 IST" name="afterMethod" finished-at="2024-03-07T12:56:16 IST" duration-ms="654" status="PASS">
          <params>
            <param index="0">
              <value>
                <![CDATA[[TestResult name=sampleMethodForEnteringCredentials status=SUCCESS method=Testcase1.sampleMethodForEnteringCredentials()[pri:0, instance:qa.tests.Testcase1@618b19ad] output={null}]]]>
              </value>
            </param>
          </params>
          <reporter-output>
          </reporter-output>
        </test-method> <!-- afterMethod -->
        <test-method is-config="true" signature="afterTest()[pri:0, instance:qa.tests.Testcase1@618b19ad]" started-at="2024-03-07T12:56:16 IST" name="afterTest" finished-at="2024-03-07T12:56:16 IST" duration-ms="141" status="PASS">
          <reporter-output>
          </reporter-output>
        </test-method> <!-- afterTest -->
      </class> <!-- qa.tests.Testcase1 -->
    </test> <!-- EdgeTest -->
  </suite> <!-- Suite -->
</testng-results>
